  5.000000	  5.000000	   SN2009Y
740.000000	  5.000000	  SN2005eq
1092.000000	  5.000000	  SN2005eq
  1.000000	  5.000000	  SN2008ar
 20.000000	  5.000000	  SN2008ar
  2.000000	  5.000000	  SN2007bc
 14.000000	  5.000000	  SN2007bc
 15.000000	  5.000000	  SN2007bc
 18.000000	  5.000000	  SN2007bc
 36.000000	  5.000000	  SN2007bc
 50.000000	  5.000000	  SN2007bc
1278.000000	  5.000000	  SN2009ad
3576.000000	  5.000000	  SN2009ad
5265.000000	  5.000000	  SN2009ad
6049.000000	  5.000000	  SN2009ad
152.000000	  5.000000	  SN2005ki
180.000000	  5.000000	  SN2005ki
506.000000	  5.000000	  SN2005ki
818.000000	  5.000000	  SN2005ki
1064.000000	  5.000000	  SN2005ki
1074.000000	  5.000000	  SN2005ki
1226.000000	  5.000000	  SN2005ki
1268.000000	  5.000000	  SN2005ki
1405.000000	  5.000000	  SN2005ki
1530.000000	  5.000000	  SN2005ki
1560.000000	  5.000000	  SN2005ki
1830.000000	  5.000000	  SN2005ki
2018.000000	  5.000000	  SN2005ki
2241.000000	  5.000000	  SN2005ki
2331.000000	  5.000000	  SN2005ki
2402.000000	  5.000000	  SN2005ki
2612.000000	  5.000000	  SN2005ki
2741.000000	  5.000000	  SN2005ki
2914.000000	  5.000000	  SN2005ki
3132.000000	  5.000000	  SN2005ki
3230.000000	  5.000000	  SN2005ki
3310.000000	  5.000000	  SN2005ki
3798.000000	  5.000000	  SN2005ki
3940.000000	  5.000000	  SN2005ki
4006.000000	  5.000000	  SN2005ki
4043.000000	  5.000000	  SN2005ki
4146.000000	  5.000000	  SN2005ki
4213.000000	  5.000000	  SN2005ki
4483.000000	  5.000000	  SN2005ki
4830.000000	  5.000000	  SN2005ki
4944.000000	  5.000000	  SN2005ki
5042.000000	  5.000000	  SN2005ki
5071.000000	  5.000000	  SN2005ki
5212.000000	  5.000000	  SN2005ki
5387.000000	  5.000000	  SN2005ki
5424.000000	  5.000000	  SN2005ki
5555.000000	  5.000000	  SN2005ki
5740.000000	  5.000000	  SN2005ki
5754.000000	  5.000000	  SN2005ki
5803.000000	  5.000000	  SN2005ki
5852.000000	  5.000000	  SN2005ki
5870.000000	  5.000000	  SN2005ki
5940.000000	  5.000000	  SN2005ki
5986.000000	  5.000000	  SN2005ki
6004.000000	  5.000000	  SN2005ki
177.000000	  5.000000	  SN2008ia
185.000000	  5.000000	  SN2008ia
381.000000	  5.000000	  SN2008ia
413.000000	  5.000000	  SN2008ia
811.000000	  5.000000	  SN2008ia
831.000000	  5.000000	  SN2008ia
867.000000	  5.000000	  SN2008ia
925.000000	  5.000000	  SN2008ia
1071.000000	  5.000000	  SN2008ia
1155.000000	  5.000000	  SN2008ia
1207.000000	  5.000000	  SN2008ia
1231.000000	  5.000000	  SN2008ia
1245.000000	  5.000000	  SN2008ia
1309.000000	  5.000000	  SN2008ia
1383.000000	  5.000000	  SN2008ia
1419.000000	  5.000000	  SN2008ia
1441.000000	  5.000000	  SN2008ia
1445.000000	  5.000000	  SN2008ia
1461.000000	  5.000000	  SN2008ia
1637.000000	  5.000000	  SN2008ia
1739.000000	  5.000000	  SN2008ia
1861.000000	  5.000000	  SN2008ia
1879.000000	  5.000000	  SN2008ia
1949.000000	  5.000000	  SN2008ia
2461.000000	  5.000000	  SN2008ia
2699.000000	  5.000000	  SN2008ia
2763.000000	  5.000000	  SN2008ia
2845.000000	  5.000000	  SN2008ia
3411.000000	  5.000000	  SN2008ia
3445.000000	  5.000000	  SN2008ia
3557.000000	  5.000000	  SN2008ia
3595.000000	  5.000000	  SN2008ia
3631.000000	  5.000000	  SN2008ia
3807.000000	  5.000000	  SN2008ia
3815.000000	  5.000000	  SN2008ia
3953.000000	  5.000000	  SN2008ia
4081.000000	  5.000000	  SN2008ia
4093.000000	  5.000000	  SN2008ia
4337.000000	  5.000000	  SN2008ia
4345.000000	  5.000000	  SN2008ia
4349.000000	  5.000000	  SN2008ia
4389.000000	  5.000000	  SN2008ia
4465.000000	  5.000000	  SN2008ia
4551.000000	  5.000000	  SN2008ia
4627.000000	  5.000000	  SN2008ia
4797.000000	  5.000000	  SN2008ia
4833.000000	  5.000000	  SN2008ia
5221.000000	  5.000000	  SN2008ia
5811.000000	  5.000000	  SN2008ia
5941.000000	  5.000000	  SN2008ia
5943.000000	  5.000000	  SN2008ia
6187.000000	  5.000000	  SN2008ia
6251.000000	  5.000000	  SN2008ia
6307.000000	  5.000000	  SN2008ia
6313.000000	  5.000000	  SN2008ia
6529.000000	  5.000000	  SN2008ia
6633.000000	  5.000000	  SN2008ia
6771.000000	  5.000000	  SN2008ia
6795.000000	  5.000000	  SN2008ia
6979.000000	  5.000000	  SN2008ia
7153.000000	  5.000000	  SN2008ia
7243.000000	  5.000000	  SN2008ia
7335.000000	  5.000000	  SN2008ia
7449.000000	  5.000000	  SN2008ia
7747.000000	  5.000000	  SN2008ia
7847.000000	  5.000000	  SN2008ia
7905.000000	  5.000000	  SN2008ia
8153.000000	  5.000000	  SN2008ia
8159.000000	  5.000000	  SN2008ia
8205.000000	  5.000000	  SN2008ia
8371.000000	  5.000000	  SN2008ia
8391.000000	  5.000000	  SN2008ia
8453.000000	  5.000000	  SN2008ia
8511.000000	  5.000000	  SN2008ia
8563.000000	  5.000000	  SN2008ia
879.000000	  5.000000	  SN2008hv
913.000000	  5.000000	  SN2008hv
1505.000000	  5.000000	  SN2008hv
1793.000000	  5.000000	  SN2008hv
1875.000000	  5.000000	  SN2008hv
2277.000000	  5.000000	  SN2008hv
3411.000000	  5.000000	  SN2008hv
3925.000000	  5.000000	  SN2008hv
4151.000000	  5.000000	  SN2008hv
5437.000000	  5.000000	  SN2008hv
5655.000000	  5.000000	  SN2008hv
6725.000000	  5.000000	  SN2008hv
6899.000000	  5.000000	  SN2008hv
7413.000000	  5.000000	  SN2008hv
7561.000000	  5.000000	  SN2008hv
7691.000000	  5.000000	  SN2008hv
8105.000000	  5.000000	  SN2008hv
